[debug] [2024-07-17T05:26:16.468Z] ----------------------------------------------------------------------
[debug] [2024-07-17T05:26:16.472Z] Command:       C:\Program Files\nodejs\node.exe C:\Users\dell\AppData\Roaming\npm\node_modules\firebase-tools\lib\bin\firebase.js deploy
[debug] [2024-07-17T05:26:16.473Z] CLI Version:   13.13.3
[debug] [2024-07-17T05:26:16.473Z] Platform:      win32
[debug] [2024-07-17T05:26:16.473Z] Node Version:  v20.11.0
[debug] [2024-07-17T05:26:16.474Z] Time:          Wed Jul 17 2024 10:56:16 GMT+0530 (India Standard Time)
[debug] [2024-07-17T05:26:16.474Z] ----------------------------------------------------------------------
[debug] 
[debug] [2024-07-17T05:26:16.589Z] > command requires scopes: ["email","openid","https://www.googleapis.com/auth/cloudplatformprojects.readonly","https://www.googleapis.com/auth/firebase","https://www.googleapis.com/auth/cloud-platform"]
[debug] [2024-07-17T05:26:16.590Z] > authorizing via signed-in user (work.technotoil@gmail.com)
[debug] [2024-07-17T05:26:16.590Z] [iam] checking project treasurebox-868f9 for permissions ["firebase.projects.get","firebasehosting.sites.update"]
[debug] [2024-07-17T05:26:16.592Z] > refreshing access token with scopes: []
[debug] [2024-07-17T05:26:16.595Z] >>> [apiv2][query] POST https://www.googleapis.com/oauth2/v3/token [none]
[debug] [2024-07-17T05:26:16.595Z] >>> [apiv2][body] POST https://www.googleapis.com/oauth2/v3/token [omitted]
[debug] [2024-07-17T05:26:16.990Z] <<< [apiv2][status] POST https://www.googleapis.com/oauth2/v3/token 200
[debug] [2024-07-17T05:26:16.990Z] <<< [apiv2][body] POST https://www.googleapis.com/oauth2/v3/token [omitted]
[debug] [2024-07-17T05:26:16.998Z] >>> [apiv2][query] POST https://cloudresourcemanager.googleapis.com/v1/projects/treasurebox-868f9:testIamPermissions [none]
[debug] [2024-07-17T05:26:16.998Z] >>> [apiv2][(partial)header] POST https://cloudresourcemanager.googleapis.com/v1/projects/treasurebox-868f9:testIamPermissions x-goog-quota-user=projects/treasurebox-868f9
[debug] [2024-07-17T05:26:16.998Z] >>> [apiv2][body] POST https://cloudresourcemanager.googleapis.com/v1/projects/treasurebox-868f9:testIamPermissions {"permissions":["firebase.projects.get","firebasehosting.sites.update"]}
[debug] [2024-07-17T05:26:18.606Z] <<< [apiv2][status] POST https://cloudresourcemanager.googleapis.com/v1/projects/treasurebox-868f9:testIamPermissions 200
[debug] [2024-07-17T05:26:18.606Z] <<< [apiv2][body] POST https://cloudresourcemanager.googleapis.com/v1/projects/treasurebox-868f9:testIamPermissions {}
[debug] [2024-07-17T05:26:18.606Z] [iam] error while checking permissions, command may fail: FirebaseError: Authorization failed. This account is missing the following required permissions on project treasurebox-868f9:

  firebase.projects.get
  firebasehosting.sites.update
[debug] [2024-07-17T05:26:18.607Z] >>> [apiv2][query] GET https://firebase.googleapis.com/v1beta1/projects/treasurebox-868f9 [none]
[debug] [2024-07-17T05:26:19.715Z] <<< [apiv2][status] GET https://firebase.googleapis.com/v1beta1/projects/treasurebox-868f9 403
[debug] [2024-07-17T05:26:19.715Z] <<< [apiv2][body] GET https://firebase.googleapis.com/v1beta1/projects/treasurebox-868f9 {"error":{"code":403,"message":"The caller does not have permission","status":"PERMISSION_DENIED"}}
[debug] [2024-07-17T05:26:19.717Z] HTTP Error: 403, The caller does not have permission
[error] 
[error] Error: Assertion failed: resolving hosting target of a site with no site name or target name. This should have caused an error earlier
[debug] [2024-07-17T05:30:38.871Z] ----------------------------------------------------------------------
[debug] [2024-07-17T05:30:38.875Z] Command:       C:\Program Files\nodejs\node.exe C:\Users\dell\AppData\Roaming\npm\node_modules\firebase-tools\lib\bin\firebase.js deploy
[debug] [2024-07-17T05:30:38.876Z] CLI Version:   13.13.3
[debug] [2024-07-17T05:30:38.876Z] Platform:      win32
[debug] [2024-07-17T05:30:38.876Z] Node Version:  v20.11.0
[debug] [2024-07-17T05:30:38.877Z] Time:          Wed Jul 17 2024 11:00:38 GMT+0530 (India Standard Time)
[debug] [2024-07-17T05:30:38.877Z] ----------------------------------------------------------------------
[debug] 
[debug] [2024-07-17T05:30:38.970Z] > command requires scopes: ["email","openid","https://www.googleapis.com/auth/cloudplatformprojects.readonly","https://www.googleapis.com/auth/firebase","https://www.googleapis.com/auth/cloud-platform"]
[debug] [2024-07-17T05:30:38.970Z] > authorizing via signed-in user (work.technotoil@gmail.com)
[debug] [2024-07-17T05:30:38.971Z] [iam] checking project treasurebox-868f9 for permissions ["firebase.projects.get","firebasehosting.sites.update"]
[debug] [2024-07-17T05:30:38.973Z] >>> [apiv2][query] POST https://cloudresourcemanager.googleapis.com/v1/projects/treasurebox-868f9:testIamPermissions [none]
[debug] [2024-07-17T05:30:38.974Z] >>> [apiv2][(partial)header] POST https://cloudresourcemanager.googleapis.com/v1/projects/treasurebox-868f9:testIamPermissions x-goog-quota-user=projects/treasurebox-868f9
[debug] [2024-07-17T05:30:38.974Z] >>> [apiv2][body] POST https://cloudresourcemanager.googleapis.com/v1/projects/treasurebox-868f9:testIamPermissions {"permissions":["firebase.projects.get","firebasehosting.sites.update"]}
[debug] [2024-07-17T05:30:40.724Z] <<< [apiv2][status] POST https://cloudresourcemanager.googleapis.com/v1/projects/treasurebox-868f9:testIamPermissions 200
[debug] [2024-07-17T05:30:40.725Z] <<< [apiv2][body] POST https://cloudresourcemanager.googleapis.com/v1/projects/treasurebox-868f9:testIamPermissions {}
[debug] [2024-07-17T05:30:40.725Z] [iam] error while checking permissions, command may fail: FirebaseError: Authorization failed. This account is missing the following required permissions on project treasurebox-868f9:

  firebase.projects.get
  firebasehosting.sites.update
[debug] [2024-07-17T05:30:40.726Z] >>> [apiv2][query] GET https://firebase.googleapis.com/v1beta1/projects/treasurebox-868f9 [none]
[debug] [2024-07-17T05:30:41.520Z] <<< [apiv2][status] GET https://firebase.googleapis.com/v1beta1/projects/treasurebox-868f9 403
[debug] [2024-07-17T05:30:41.520Z] <<< [apiv2][body] GET https://firebase.googleapis.com/v1beta1/projects/treasurebox-868f9 {"error":{"code":403,"message":"The caller does not have permission","status":"PERMISSION_DENIED"}}
[debug] [2024-07-17T05:30:41.520Z] HTTP Error: 403, The caller does not have permission
[error] 
[error] Error: Assertion failed: resolving hosting target of a site with no site name or target name. This should have caused an error earlier
